{"/Users/haitaohu/Documents/Startup_projects/React_teaching/react-7-unit-test/src/components/Counter/Counter.tsx": {"path":"/Users/haitaohu/Documents/Startup_projects/React_teaching/react-7-unit-test/src/components/Counter/Counter.tsx","statementMap":{"0":{"start":{"line":1,"column":0},"end":{"line":1,"column":40}},"1":{"start":{"line":7,"column":40},"end":{"line":21,"column":1}},"2":{"start":{"line":8,"column":30},"end":{"line":8,"column":52}},"3":{"start":{"line":10,"column":22},"end":{"line":10,"column":47}},"4":{"start":{"line":10,"column":28},"end":{"line":10,"column":47}},"5":{"start":{"line":11,"column":22},"end":{"line":11,"column":47}},"6":{"start":{"line":11,"column":28},"end":{"line":11,"column":47}},"7":{"start":{"line":13,"column":4},"end":{"line":20,"column":6}},"8":{"start":{"line":23,"column":0},"end":{"line":23,"column":23}}},"fnMap":{"0":{"name":"(anonymous_0)","decl":{"start":{"line":7,"column":40},"end":{"line":7,"column":41}},"loc":{"start":{"line":7,"column":61},"end":{"line":21,"column":1}}},"1":{"name":"(anonymous_1)","decl":{"start":{"line":10,"column":22},"end":{"line":10,"column":25}},"loc":{"start":{"line":10,"column":28},"end":{"line":10,"column":47}}},"2":{"name":"(anonymous_2)","decl":{"start":{"line":11,"column":22},"end":{"line":11,"column":25}},"loc":{"start":{"line":11,"column":28},"end":{"line":11,"column":47}}}},"branchMap":{},"s":{"0":1,"1":1,"2":9,"3":9,"4":3,"5":9,"6":2,"7":9,"8":1},"f":{"0":9,"1":3,"2":2},"b":{}}
,"/Users/haitaohu/Documents/Startup_projects/React_teaching/react-7-unit-test/src/components/CourseCard/CourseCard.tsx": {"path":"/Users/haitaohu/Documents/Startup_projects/React_teaching/react-7-unit-test/src/components/CourseCard/CourseCard.tsx","statementMap":{"0":{"start":{"line":2,"column":0},"end":{"line":2,"column":42}},"1":{"start":{"line":3,"column":0},"end":{"line":3,"column":70}},"2":{"start":{"line":6,"column":37},"end":{"line":23,"column":1}},"3":{"start":{"line":7,"column":19},"end":{"line":7,"column":32}},"4":{"start":{"line":9,"column":29},"end":{"line":11,"column":3}},"5":{"start":{"line":10,"column":4},"end":{"line":10,"column":35}},"6":{"start":{"line":13,"column":2},"end":{"line":22,"column":4}},"7":{"start":{"line":25,"column":0},"end":{"line":25,"column":26}}},"fnMap":{"0":{"name":"(anonymous_0)","decl":{"start":{"line":6,"column":37},"end":{"line":6,"column":38}},"loc":{"start":{"line":6,"column":89},"end":{"line":23,"column":1}}},"1":{"name":"(anonymous_1)","decl":{"start":{"line":9,"column":29},"end":{"line":9,"column":32}},"loc":{"start":{"line":9,"column":34},"end":{"line":11,"column":3}}}},"branchMap":{"0":{"loc":{"start":{"line":19,"column":9},"end":{"line":19,"column":47}},"type":"cond-expr","locations":[{"start":{"line":19,"column":22},"end":{"line":19,"column":32}},{"start":{"line":19,"column":35},"end":{"line":19,"column":47}}]}},"s":{"0":1,"1":1,"2":1,"3":3,"4":3,"5":1,"6":3,"7":1},"f":{"0":3,"1":1},"b":{"0":[1,2]}}
,"/Users/haitaohu/Documents/Startup_projects/React_teaching/react-7-unit-test/src/components/CourseTile/CourseTile.tsx": {"path":"/Users/haitaohu/Documents/Startup_projects/React_teaching/react-7-unit-test/src/components/CourseTile/CourseTile.tsx","statementMap":{"0":{"start":{"line":8,"column":46},"end":{"line":19,"column":1}},"1":{"start":{"line":9,"column":2},"end":{"line":18,"column":4}},"2":{"start":{"line":21,"column":0},"end":{"line":21,"column":26}}},"fnMap":{"0":{"name":"(anonymous_0)","decl":{"start":{"line":8,"column":46},"end":{"line":8,"column":47}},"loc":{"start":{"line":8,"column":114},"end":{"line":19,"column":1}}}},"branchMap":{"0":{"loc":{"start":{"line":15,"column":9},"end":{"line":15,"column":47}},"type":"cond-expr","locations":[{"start":{"line":15,"column":22},"end":{"line":15,"column":32}},{"start":{"line":15,"column":35},"end":{"line":15,"column":47}}]}},"s":{"0":1,"1":2,"2":1},"f":{"0":2},"b":{"0":[1,1]}}
,"/Users/haitaohu/Documents/Startup_projects/React_teaching/react-7-unit-test/src/components/Orders/Orders.tsx": {"path":"/Users/haitaohu/Documents/Startup_projects/React_teaching/react-7-unit-test/src/components/Orders/Orders.tsx","statementMap":{"0":{"start":{"line":1,"column":15},"end":{"line":8,"column":3}},"1":{"start":{"line":2,"column":4},"end":{"line":7,"column":6}},"2":{"start":{"line":10,"column":2},"end":{"line":10,"column":24}}},"fnMap":{"0":{"name":"(anonymous_0)","decl":{"start":{"line":1,"column":15},"end":{"line":1,"column":18}},"loc":{"start":{"line":1,"column":20},"end":{"line":8,"column":3}}}},"branchMap":{},"s":{"0":1,"1":2,"2":1},"f":{"0":2},"b":{}}
,"/Users/haitaohu/Documents/Startup_projects/React_teaching/react-7-unit-test/src/features/courses/courseSlice.ts": {"path":"/Users/haitaohu/Documents/Startup_projects/React_teaching/react-7-unit-test/src/features/courses/courseSlice.ts","statementMap":{"0":{"start":{"line":1,"column":0},"end":{"line":1,"column":65}},"1":{"start":{"line":11,"column":35},"end":{"line":15,"column":2}},"2":{"start":{"line":18,"column":13},"end":{"line":26,"column":3}},"3":{"start":{"line":18,"column":80},"end":{"line":26,"column":2}},"4":{"start":{"line":19,"column":19},"end":{"line":19,"column":106}},"5":{"start":{"line":20,"column":15},"end":{"line":20,"column":36}},"6":{"start":{"line":22,"column":2},"end":{"line":25,"column":6}},"7":{"start":{"line":22,"column":38},"end":{"line":24,"column":null}},"8":{"start":{"line":29,"column":20},"end":{"line":55,"column":2}},"9":{"start":{"line":34,"column":21},"end":{"line":34,"column":69}},"10":{"start":{"line":34,"column":45},"end":{"line":34,"column":68}},"11":{"start":{"line":35,"column":6},"end":{"line":37,"column":7}},"12":{"start":{"line":36,"column":8},"end":{"line":36,"column":47}},"13":{"start":{"line":41,"column":4},"end":{"line":53,"column":9}},"14":{"start":{"line":43,"column":8},"end":{"line":43,"column":29}},"15":{"start":{"line":44,"column":8},"end":{"line":44,"column":27}},"16":{"start":{"line":47,"column":8},"end":{"line":47,"column":39}},"17":{"start":{"line":48,"column":8},"end":{"line":48,"column":30}},"18":{"start":{"line":51,"column":8},"end":{"line":51,"column":30}},"19":{"start":{"line":52,"column":8},"end":{"line":52,"column":72}},"20":{"start":{"line":57,"column":15},"end":{"line":57,"column":56}},"21":{"start":{"line":59,"column":0},"end":{"line":59,"column":35}}},"fnMap":{"0":{"name":"(anonymous_7)","decl":{"start":{"line":18,"column":69},"end":{"line":18,"column":78}},"loc":{"start":{"line":18,"column":80},"end":{"line":26,"column":2}}},"1":{"name":"(anonymous_8)","decl":{"start":{"line":18,"column":80},"end":{"line":18,"column":null}},"loc":{"start":{"line":18,"column":80},"end":{"line":26,"column":1}}},"2":{"name":"(anonymous_9)","decl":{"start":{"line":22,"column":18},"end":{"line":22,"column":19}},"loc":{"start":{"line":22,"column":38},"end":{"line":24,"column":null}}},"3":{"name":"(anonymous_10)","decl":{"start":{"line":33,"column":22},"end":{"line":33,"column":23}},"loc":{"start":{"line":33,"column":40},"end":{"line":38,"column":5}}},"4":{"name":"(anonymous_11)","decl":{"start":{"line":34,"column":40},"end":{"line":34,"column":41}},"loc":{"start":{"line":34,"column":45},"end":{"line":34,"column":68}}},"5":{"name":"(anonymous_12)","decl":{"start":{"line":40,"column":17},"end":{"line":40,"column":18}},"loc":{"start":{"line":40,"column":29},"end":{"line":54,"column":3}}},"6":{"name":"(anonymous_13)","decl":{"start":{"line":42,"column":37},"end":{"line":42,"column":38}},"loc":{"start":{"line":42,"column":47},"end":{"line":45,"column":7}}},"7":{"name":"(anonymous_14)","decl":{"start":{"line":46,"column":39},"end":{"line":46,"column":40}},"loc":{"start":{"line":46,"column":57},"end":{"line":49,"column":7}}},"8":{"name":"(anonymous_15)","decl":{"start":{"line":50,"column":38},"end":{"line":50,"column":39}},"loc":{"start":{"line":50,"column":56},"end":{"line":53,"column":7}}}},"branchMap":{"0":{"loc":{"start":{"line":24,"column":16},"end":{"line":24,"column":75}},"type":"cond-expr","locations":[{"start":{"line":24,"column":50},"end":{"line":24,"column":67}},{"start":{"line":24,"column":70},"end":{"line":24,"column":75}}]},"1":{"loc":{"start":{"line":35,"column":6},"end":{"line":37,"column":7}},"type":"if","locations":[{"start":{"line":35,"column":6},"end":{"line":37,"column":7}}]},"2":{"loc":{"start":{"line":52,"column":22},"end":{"line":52,"column":71}},"type":"binary-expr","locations":[{"start":{"line":52,"column":22},"end":{"line":52,"column":42}},{"start":{"line":52,"column":46},"end":{"line":52,"column":71}}]}},"s":{"0":1,"1":1,"2":1,"3":1,"4":1,"5":1,"6":1,"7":1,"8":1,"9":1,"10":1,"11":1,"12":1,"13":1,"14":1,"15":1,"16":1,"17":1,"18":0,"19":0,"20":1,"21":1},"f":{"0":1,"1":1,"2":1,"3":1,"4":1,"5":1,"6":1,"7":1,"8":0},"b":{"0":[1,0],"1":[1],"2":[0,0]}}
,"/Users/haitaohu/Documents/Startup_projects/React_teaching/react-7-unit-test/src/pages/LoginPage.tsx": {"path":"/Users/haitaohu/Documents/Startup_projects/React_teaching/react-7-unit-test/src/pages/LoginPage.tsx","statementMap":{"0":{"start":{"line":1,"column":0},"end":{"line":1,"column":40}},"1":{"start":{"line":3,"column":88},"end":{"line":28,"column":1}},"2":{"start":{"line":4,"column":36},"end":{"line":4,"column":48}},"3":{"start":{"line":5,"column":36},"end":{"line":5,"column":48}},"4":{"start":{"line":7,"column":25},"end":{"line":10,"column":5}},"5":{"start":{"line":8,"column":8},"end":{"line":8,"column":27}},"6":{"start":{"line":9,"column":8},"end":{"line":9,"column":37}},"7":{"start":{"line":12,"column":4},"end":{"line":27,"column":null}},"8":{"start":{"line":18,"column":71},"end":{"line":18,"column":98}},"9":{"start":{"line":22,"column":75},"end":{"line":22,"column":102}},"10":{"start":{"line":30,"column":0},"end":{"line":30,"column":25}}},"fnMap":{"0":{"name":"(anonymous_0)","decl":{"start":{"line":3,"column":88},"end":{"line":3,"column":89}},"loc":{"start":{"line":3,"column":105},"end":{"line":28,"column":1}}},"1":{"name":"(anonymous_1)","decl":{"start":{"line":7,"column":25},"end":{"line":7,"column":26}},"loc":{"start":{"line":7,"column":48},"end":{"line":10,"column":5}}},"2":{"name":"(anonymous_2)","decl":{"start":{"line":18,"column":66},"end":{"line":18,"column":67}},"loc":{"start":{"line":18,"column":71},"end":{"line":18,"column":98}}},"3":{"name":"(anonymous_3)","decl":{"start":{"line":22,"column":70},"end":{"line":22,"column":71}},"loc":{"start":{"line":22,"column":75},"end":{"line":22,"column":102}}}},"branchMap":{},"s":{"0":1,"1":1,"2":7,"3":7,"4":7,"5":1,"6":1,"7":7,"8":2,"9":2,"10":1},"f":{"0":7,"1":1,"2":2,"3":2},"b":{}}
,"/Users/haitaohu/Documents/Startup_projects/React_teaching/react-7-unit-test/src/services/api.ts": {"path":"/Users/haitaohu/Documents/Startup_projects/React_teaching/react-7-unit-test/src/services/api.ts","statementMap":{"0":{"start":{"line":1,"column":28},"end":{"line":5,"column":2}},"1":{"start":{"line":1,"column":39},"end":{"line":5,"column":2}},"2":{"start":{"line":2,"column":21},"end":{"line":2,"column":108}},"3":{"start":{"line":3,"column":4},"end":{"line":3,"column":65}},"4":{"start":{"line":3,"column":22},"end":{"line":3,"column":65}},"5":{"start":{"line":4,"column":4},"end":{"line":4,"column":27}},"6":{"start":{"line":1,"column":13},"end":{"line":1,"column":28}}},"fnMap":{"0":{"name":"(anonymous_7)","decl":{"start":{"line":1,"column":28},"end":{"line":1,"column":37}},"loc":{"start":{"line":1,"column":39},"end":{"line":5,"column":2}}},"1":{"name":"(anonymous_8)","decl":{"start":{"line":1,"column":39},"end":{"line":1,"column":null}},"loc":{"start":{"line":1,"column":39},"end":{"line":5,"column":1}}}},"branchMap":{"0":{"loc":{"start":{"line":3,"column":4},"end":{"line":3,"column":65}},"type":"if","locations":[{"start":{"line":3,"column":4},"end":{"line":3,"column":65}}]}},"s":{"0":1,"1":2,"2":2,"3":2,"4":1,"5":1,"6":1},"f":{"0":2,"1":2},"b":{"0":[1]}}
}
