TN:
SF:src/components/Counter/Counter.tsx
FN:7,(anonymous_0)
FN:10,(anonymous_1)
FN:11,(anonymous_2)
FNF:3
FNH:3
FNDA:9,(anonymous_0)
FNDA:3,(anonymous_1)
FNDA:2,(anonymous_2)
DA:1,1
DA:7,1
DA:8,9
DA:10,9
DA:11,9
DA:13,9
DA:23,1
LF:7
LH:7
BRF:0
BRH:0
end_of_record
TN:
SF:src/components/CourseCard/CourseCard.tsx
FN:6,(anonymous_0)
FN:9,(anonymous_1)
FNF:2
FNH:2
FNDA:3,(anonymous_0)
FNDA:1,(anonymous_1)
DA:2,1
DA:3,1
DA:6,1
DA:7,3
DA:9,3
DA:10,1
DA:13,3
DA:25,1
LF:8
LH:8
BRDA:19,0,0,1
BRDA:19,0,1,2
BRF:2
BRH:2
end_of_record
TN:
SF:src/components/CourseTile/CourseTile.tsx
FN:8,(anonymous_0)
FNF:1
FNH:1
FNDA:2,(anonymous_0)
DA:8,1
DA:9,2
DA:21,1
LF:3
LH:3
BRDA:15,0,0,1
BRDA:15,0,1,1
BRF:2
BRH:2
end_of_record
TN:
SF:src/components/Orders/Orders.tsx
FN:1,(anonymous_0)
FNF:1
FNH:1
FNDA:2,(anonymous_0)
DA:1,1
DA:2,2
DA:10,1
LF:3
LH:3
BRF:0
BRH:0
end_of_record
TN:
SF:src/features/courses/courseSlice.ts
FN:18,(anonymous_7)
FN:18,(anonymous_8)
FN:22,(anonymous_9)
FN:33,(anonymous_10)
FN:34,(anonymous_11)
FN:40,(anonymous_12)
FN:42,(anonymous_13)
FN:46,(anonymous_14)
FN:50,(anonymous_15)
FNF:9
FNH:8
FNDA:1,(anonymous_7)
FNDA:1,(anonymous_8)
FNDA:1,(anonymous_9)
FNDA:1,(anonymous_10)
FNDA:1,(anonymous_11)
FNDA:1,(anonymous_12)
FNDA:1,(anonymous_13)
FNDA:1,(anonymous_14)
FNDA:0,(anonymous_15)
DA:1,1
DA:11,1
DA:18,1
DA:19,1
DA:20,1
DA:22,1
DA:29,1
DA:34,1
DA:35,1
DA:36,1
DA:41,1
DA:43,1
DA:44,1
DA:47,1
DA:48,1
DA:51,0
DA:52,0
DA:57,1
DA:59,1
LF:19
LH:17
BRDA:24,0,0,1
BRDA:24,0,1,0
BRDA:35,1,0,1
BRDA:52,2,0,0
BRDA:52,2,1,0
BRF:5
BRH:2
end_of_record
TN:
SF:src/pages/LoginPage.tsx
FN:3,(anonymous_0)
FN:7,(anonymous_1)
FN:18,(anonymous_2)
FN:22,(anonymous_3)
FNF:4
FNH:4
FNDA:7,(anonymous_0)
FNDA:1,(anonymous_1)
FNDA:2,(anonymous_2)
FNDA:2,(anonymous_3)
DA:1,1
DA:3,1
DA:4,7
DA:5,7
DA:7,7
DA:8,1
DA:9,1
DA:12,7
DA:18,2
DA:22,2
DA:30,1
LF:11
LH:11
BRF:0
BRH:0
end_of_record
TN:
SF:src/services/api.ts
FN:1,(anonymous_7)
FN:1,(anonymous_8)
FNF:2
FNH:2
FNDA:2,(anonymous_7)
FNDA:2,(anonymous_8)
DA:1,2
DA:2,2
DA:3,2
DA:4,1
LF:4
LH:4
BRDA:3,0,0,1
BRF:1
BRH:1
end_of_record
